

Started GET "/" for 127.0.0.1 at 2016-03-09 00:58:14 +0530

ActiveRecord::PendingMigrationError (

Migrations are pending. To resolve this issue, run:

	bin/rake db:migrate RAILS_ENV=development

):
  activerecord (4.1.8) lib/active_record/migration.rb:389:in `check_pending!'
  activerecord (4.1.8) lib/active_record/migration.rb:377:in `call'
  actionpack (4.1.8) lib/action_dispatch/middleware/callbacks.rb:29:in `block in call'
  activesupport (4.1.8) lib/active_support/callbacks.rb:82:in `run_callbacks'
  actionpack (4.1.8) lib/action_dispatch/middleware/callbacks.rb:27:in `call'
  actionpack (4.1.8) lib/action_dispatch/middleware/reloader.rb:73:in `call'
  actionpack (4.1.8) lib/action_dispatch/middleware/remote_ip.rb:76:in `call'
  actionpack (4.1.8) lib/action_dispatch/middleware/debug_exceptions.rb:17:in `call'
  actionpack (4.1.8) lib/action_dispatch/middleware/show_exceptions.rb:30:in `call'
  railties (4.1.8) lib/rails/rack/logger.rb:38:in `call_app'
  railties (4.1.8) lib/rails/rack/logger.rb:20:in `block in call'
  activesupport (4.1.8) lib/active_support/tagged_logging.rb:68:in `block in tagged'
  activesupport (4.1.8) lib/active_support/tagged_logging.rb:26:in `tagged'
  activesupport (4.1.8) lib/active_support/tagged_logging.rb:68:in `tagged'
  railties (4.1.8) lib/rails/rack/logger.rb:20:in `call'
  actionpack (4.1.8) lib/action_dispatch/middleware/request_id.rb:21:in `call'
  rack (1.5.2) lib/rack/methodoverride.rb:21:in `call'
  rack (1.5.2) lib/rack/runtime.rb:17:in `call'
  activesupport (4.1.8) lib/active_support/cache/strategy/local_cache_middleware.rb:26:in `call'
  rack (1.5.2) lib/rack/lock.rb:17:in `call'
  actionpack (4.1.8) lib/action_dispatch/middleware/static.rb:84:in `call'
  rack (1.5.2) lib/rack/sendfile.rb:112:in `call'
  railties (4.1.8) lib/rails/engine.rb:514:in `call'
  railties (4.1.8) lib/rails/application.rb:144:in `call'
  rack (1.5.2) lib/rack/lock.rb:17:in `call'
  rack (1.5.2) lib/rack/content_length.rb:14:in `call'
  rack (1.5.2) lib/rack/handler/webrick.rb:60:in `service'
  /home/jitesh/.rvm/rubies/ruby-2.2.1/lib/ruby/2.2.0/webrick/httpserver.rb:138:in `service'
  /home/jitesh/.rvm/rubies/ruby-2.2.1/lib/ruby/2.2.0/webrick/httpserver.rb:94:in `run'
  /home/jitesh/.rvm/rubies/ruby-2.2.1/lib/ruby/2.2.0/webrick/server.rb:294:in `block in start_thread'


  Rendered /home/jitesh/.rvm/gems/ruby-2.2.1/gems/actionpack-4.1.8/lib/action_dispatch/middleware/templates/rescues/_source.erb (0.5ms)
  Rendered /home/jitesh/.rvm/gems/ruby-2.2.1/gems/actionpack-4.1.8/lib/action_dispatch/middleware/templates/rescues/_trace.html.erb (2.1ms)
  Rendered /home/jitesh/.rvm/gems/ruby-2.2.1/gems/actionpack-4.1.8/lib/action_dispatch/middleware/templates/rescues/_request_and_response.html.erb (0.9ms)
  Rendered /home/jitesh/.rvm/gems/ruby-2.2.1/gems/actionpack-4.1.8/lib/action_dispatch/middleware/templates/rescues/diagnostics.erb within rescues/layout (17.9ms)
  [1m[36m (110.5ms)[0m  [1mCREATE TABLE "schema_migrations" ("version" varchar(255) NOT NULL) [0m
  [1m[35m (0.1ms)[0m  select sqlite_version(*)
  [1m[36m (99.8ms)[0m  [1mCREATE UNIQUE INDEX "unique_schema_migrations" ON "schema_migrations" ("version")[0m
  [1m[35mActiveRecord::SchemaMigration Load (0.1ms)[0m  SELECT "schema_migrations".* FROM "schema_migrations"
Migrating to CreateQuestions (20141202201339)
  [1m[36m (0.1ms)[0m  [1mbegin transaction[0m
  [1m[35m (0.4ms)[0m  CREATE TABLE "questions" ("id" INTEGER PRIMARY KEY AUTOINCREMENT NOT NULL, "title" varchar(255), "description" text, "created_at" datetime, "updated_at" datetime) 
  [1m[36mSQL (0.2ms)[0m  [1mINSERT INTO "schema_migrations" ("version") VALUES (?)[0m  [["version", "20141202201339"]]
  [1m[35m (126.0ms)[0m  commit transaction
  [1m[36mActiveRecord::SchemaMigration Load (0.1ms)[0m  [1mSELECT "schema_migrations".* FROM "schema_migrations"[0m


Started GET "/" for 127.0.0.1 at 2016-03-09 00:58:37 +0530
  [1m[36mActiveRecord::SchemaMigration Load (0.1ms)[0m  [1mSELECT "schema_migrations".* FROM "schema_migrations"[0m
Processing by QuestionsController#index as HTML
  [1m[35mQuestion Load (0.1ms)[0m  SELECT "questions".* FROM "questions"
  Rendered questions/index.html.erb within layouts/application (1.9ms)
Completed 200 OK in 1604ms (Views: 1563.6ms | ActiveRecord: 0.1ms)


Started GET "/assets/scaffold.css?body=1" for 127.0.0.1 at 2016-03-09 00:58:38 +0530


Started GET "/assets/questions.css?body=1" for 127.0.0.1 at 2016-03-09 00:58:38 +0530


Started GET "/assets/jquery.js?body=1" for 127.0.0.1 at 2016-03-09 00:58:38 +0530


Started GET "/assets/jquery_ujs.js?body=1" for 127.0.0.1 at 2016-03-09 00:58:38 +0530


Started GET "/assets/application.css?body=1" for 127.0.0.1 at 2016-03-09 00:58:38 +0530


Started GET "/assets/turbolinks.js?body=1" for 127.0.0.1 at 2016-03-09 00:58:38 +0530


Started GET "/assets/questions.js?body=1" for 127.0.0.1 at 2016-03-09 00:58:38 +0530


Started GET "/assets/application.js?body=1" for 127.0.0.1 at 2016-03-09 00:58:38 +0530


Started GET "/" for 127.0.0.1 at 2016-03-09 01:00:24 +0530
Processing by QuestionsController#index as HTML
  [1m[36mQuestion Load (0.2ms)[0m  [1mSELECT "questions".* FROM "questions"[0m
  Rendered questions/index.html.erb within layouts/application (4.4ms)
Completed 200 OK in 44ms (Views: 42.7ms | ActiveRecord: 0.2ms)


Started GET "/assets/questions.css?body=1" for 127.0.0.1 at 2016-03-09 01:00:25 +0530


Started GET "/assets/scaffold.css?body=1" for 127.0.0.1 at 2016-03-09 01:00:25 +0530


Started GET "/assets/application.css?body=1" for 127.0.0.1 at 2016-03-09 01:00:25 +0530


Started GET "/assets/jquery.js?body=1" for 127.0.0.1 at 2016-03-09 01:00:25 +0530


Started GET "/assets/jquery_ujs.js?body=1" for 127.0.0.1 at 2016-03-09 01:00:25 +0530


Started GET "/assets/turbolinks.js?body=1" for 127.0.0.1 at 2016-03-09 01:00:25 +0530


Started GET "/assets/questions.js?body=1" for 127.0.0.1 at 2016-03-09 01:00:25 +0530


Started GET "/assets/application.js?body=1" for 127.0.0.1 at 2016-03-09 01:00:25 +0530


Started GET "/questions/new" for 127.0.0.1 at 2016-03-09 01:00:26 +0530
Processing by QuestionsController#new as HTML
  Rendered questions/_form.html.erb (50.5ms)
  Rendered questions/new.html.erb within layouts/application (182.1ms)
Completed 200 OK in 217ms (Views: 215.4ms | ActiveRecord: 0.3ms)
